C51 COMPILER V9.00   ZL                                                                    10/17/2022 21:05:59 PAGE 1   


C51 COMPILER V9.00, COMPILATION OF MODULE ZL
OBJECT MODULE PLACED IN zl.OBJ
COMPILER INVOKED BY: C:\Keil\C51\BIN\C51.EXE zl.c BROWSE DEBUG OBJECTEXTEND

line level    source

   1          #include <reg51.h>
   2          #define uint unsigned int
   3          sbit IN1=P2^0;
   4          sbit IN2=P2^1;
   5          sbit EN=P2^2;
   6          void delay(uint w)
   7          {
   8   1       uint c,f;
   9   1       for(c=0;c<w;c++)
  10   1       {
  11   2       for(f=0;f<120;f++);
  12   2       }
  13   1      }
  14          void motor()
  15          {
  16   1       IN1=0;
  17   1       IN2=1;
  18   1       delay(4);//这里的延时过大的话会造成频率过低从而波动过大
  19   1       IN2=0;
  20   1       delay(4);
  21   1       EN=1;
  22   1      }
  23          void main()
  24          {
  25   1       while(1)
  26   1       {
  27   2        motor();
  28   2       }
  29   1      }


MODULE INFORMATION:   STATIC OVERLAYABLE
   CODE SIZE        =     56    ----
   CONSTANT SIZE    =   ----    ----
   XDATA SIZE       =   ----    ----
   PDATA SIZE       =   ----    ----
   DATA SIZE        =   ----    ----
   IDATA SIZE       =   ----    ----
   BIT SIZE         =   ----    ----
END OF MODULE INFORMATION.


C51 COMPILATION COMPLETE.  0 WARNING(S),  0 ERROR(S)
